  Determining projects to restore...
D:\Code\Source\SWP391 project\EyewearStore_SWP391\EyewearStore_SWP391.csproj : warning NU1902: Package 'MimeKit' 4.15.0 has a known moderate severity vulnerability, https://github.com/advisories/GHSA-g7hc-96xr-gvvx
  All projects are up-to-date for restore.
D:\Code\Source\SWP391 project\EyewearStore_SWP391\EyewearStore_SWP391.csproj : warning NU1902: Package 'MimeKit' 4.15.0 has a known moderate severity vulnerability, https://github.com/advisories/GHSA-g7hc-96xr-gvvx
D:\Code\Source\SWP391 project\EyewearStore_SWP391\Services\IOrderService.cs(45,56): warning CS1570: XML comment has badly formed XML -- 'Whitespace is not allowed at this location.' [D:\Code\Source\SWP391 project\EyewearStore_SWP391\EyewearStore_SWP391.csproj]
D:\Code\Source\SWP391 project\EyewearStore_SWP391\Pages\Appointments\Index.cshtml.cs(26,55): warning CS0108: 'IndexModel.Page' hides inherited member 'PageModel.Page()'. Use the new keyword if hiding was intended. [D:\Code\Source\SWP391 project\EyewearStore_SWP391\EyewearStore_SWP391.csproj]
D:\Code\Source\SWP391 project\EyewearStore_SWP391\Pages\Shared\_Layout.cshtml(531,38): warning CS8602: Dereference of a possibly null reference. [D:\Code\Source\SWP391 project\EyewearStore_SWP391\EyewearStore_SWP391.csproj]
D:\Code\Source\SWP391 project\EyewearStore_SWP391\Pages\Admin\ServiceOrders\Detail.cshtml.cs(109,21): warning CS8601: Possible null reference assignment. [D:\Code\Source\SWP391 project\EyewearStore_SWP391\EyewearStore_SWP391.csproj]
D:\Code\Source\SWP391 project\EyewearStore_SWP391\Pages\Support\ServiceOrders\Detail.cshtml.cs(147,21): warning CS8601: Possible null reference assignment. [D:\Code\Source\SWP391 project\EyewearStore_SWP391\EyewearStore_SWP391.csproj]
D:\Code\Source\SWP391 project\EyewearStore_SWP391\Pages\Profile\Index.cshtml.cs(19,16): warning CS8618: Non-nullable property 'Input' must contain a non-null value when exiting constructor. Consider adding the 'required' modifier or declaring the property as nullable. [D:\Code\Source\SWP391 project\EyewearStore_SWP391\EyewearStore_SWP391.csproj]
D:\Code\Source\SWP391 project\EyewearStore_SWP391\Pages\Profile\Index.cshtml.cs(19,16): warning CS8618: Non-nullable property 'ChangePassword' must contain a non-null value when exiting constructor. Consider adding the 'required' modifier or declaring the property as nullable. [D:\Code\Source\SWP391 project\EyewearStore_SWP391\EyewearStore_SWP391.csproj]
D:\Code\Source\SWP391 project\EyewearStore_SWP391\Pages\Profile\Index.cshtml.cs(19,16): warning CS8618: Non-nullable property 'AddressInput' must contain a non-null value when exiting constructor. Consider adding the 'required' modifier or declaring the property as nullable. [D:\Code\Source\SWP391 project\EyewearStore_SWP391\EyewearStore_SWP391.csproj]
D:\Code\Source\SWP391 project\EyewearStore_SWP391\Pages\Staff\ServiceOrders\Detail.cshtml.cs(202,21): warning CS8601: Possible null reference assignment. [D:\Code\Source\SWP391 project\EyewearStore_SWP391\EyewearStore_SWP391.csproj]
D:\Code\Source\SWP391 project\EyewearStore_SWP391\Pages\Support\Orders\Details.cshtml(987,51): warning CS8602: Dereference of a possibly null reference. [D:\Code\Source\SWP391 project\EyewearStore_SWP391\EyewearStore_SWP391.csproj]
D:\Code\Source\SWP391 project\EyewearStore_SWP391\Pages\Products\Index.cshtml(1238,62): error CS1061: 'ProductCatalogViewModel' does not contain a definition for 'StartItem├ó' and no accessible extension method 'StartItem├ó' accepting a first argument of type 'ProductCatalogViewModel' could be found (are you missing a using directive or an assembly reference?) [D:\Code\Source\SWP391 project\EyewearStore_SWP391\EyewearStore_SWP391.csproj]
D:\Code\Source\SWP391 project\EyewearStore_SWP391\Pages\Products\Index.cshtml(1499,19): warning CS8602: Dereference of a possibly null reference. [D:\Code\Source\SWP391 project\EyewearStore_SWP391\EyewearStore_SWP391.csproj]

Build FAILED.

D:\Code\Source\SWP391 project\EyewearStore_SWP391\EyewearStore_SWP391.csproj : warning NU1902: Package 'MimeKit' 4.15.0 has a known moderate severity vulnerability, https://github.com/advisories/GHSA-g7hc-96xr-gvvx
D:\Code\Source\SWP391 project\EyewearStore_SWP391\EyewearStore_SWP391.csproj : warning NU1902: Package 'MimeKit' 4.15.0 has a known moderate severity vulnerability, https://github.com/advisories/GHSA-g7hc-96xr-gvvx
D:\Code\Source\SWP391 project\EyewearStore_SWP391\Services\IOrderService.cs(45,56): warning CS1570: XML comment has badly formed XML -- 'Whitespace is not allowed at this location.' [D:\Code\Source\SWP391 project\EyewearStore_SWP391\EyewearStore_SWP391.csproj]
D:\Code\Source\SWP391 project\EyewearStore_SWP391\Pages\Appointments\Index.cshtml.cs(26,55): warning CS0108: 'IndexModel.Page' hides inherited member 'PageModel.Page()'. Use the new keyword if hiding was intended. [D:\Code\Source\SWP391 project\EyewearStore_SWP391\EyewearStore_SWP391.csproj]
D:\Code\Source\SWP391 project\EyewearStore_SWP391\Pages\Shared\_Layout.cshtml(531,38): warning CS8602: Dereference of a possibly null reference. [D:\Code\Source\SWP391 project\EyewearStore_SWP391\EyewearStore_SWP391.csproj]
D:\Code\Source\SWP391 project\EyewearStore_SWP391\Pages\Admin\ServiceOrders\Detail.cshtml.cs(109,21): warning CS8601: Possible null reference assignment. [D:\Code\Source\SWP391 project\EyewearStore_SWP391\EyewearStore_SWP391.csproj]
D:\Code\Source\SWP391 project\EyewearStore_SWP391\Pages\Support\ServiceOrders\Detail.cshtml.cs(147,21): warning CS8601: Possible null reference assignment. [D:\Code\Source\SWP391 project\EyewearStore_SWP391\EyewearStore_SWP391.csproj]
D:\Code\Source\SWP391 project\EyewearStore_SWP391\Pages\Profile\Index.cshtml.cs(19,16): warning CS8618: Non-nullable property 'Input' must contain a non-null value when exiting constructor. Consider adding the 'required' modifier or declaring the property as nullable. [D:\Code\Source\SWP391 project\EyewearStore_SWP391\EyewearStore_SWP391.csproj]
D:\Code\Source\SWP391 project\EyewearStore_SWP391\Pages\Profile\Index.cshtml.cs(19,16): warning CS8618: Non-nullable property 'ChangePassword' must contain a non-null value when exiting constructor. Consider adding the 'required' modifier or declaring the property as nullable. [D:\Code\Source\SWP391 project\EyewearStore_SWP391\EyewearStore_SWP391.csproj]
D:\Code\Source\SWP391 project\EyewearStore_SWP391\Pages\Profile\Index.cshtml.cs(19,16): warning CS8618: Non-nullable property 'AddressInput' must contain a non-null value when exiting constructor. Consider adding the 'required' modifier or declaring the property as nullable. [D:\Code\Source\SWP391 project\EyewearStore_SWP391\EyewearStore_SWP391.csproj]
D:\Code\Source\SWP391 project\EyewearStore_SWP391\Pages\Staff\ServiceOrders\Detail.cshtml.cs(202,21): warning CS8601: Possible null reference assignment. [D:\Code\Source\SWP391 project\EyewearStore_SWP391\EyewearStore_SWP391.csproj]
D:\Code\Source\SWP391 project\EyewearStore_SWP391\Pages\Support\Orders\Details.cshtml(987,51): warning CS8602: Dereference of a possibly null reference. [D:\Code\Source\SWP391 project\EyewearStore_SWP391\EyewearStore_SWP391.csproj]
D:\Code\Source\SWP391 project\EyewearStore_SWP391\Pages\Products\Index.cshtml(1499,19): warning CS8602: Dereference of a possibly null reference. [D:\Code\Source\SWP391 project\EyewearStore_SWP391\EyewearStore_SWP391.csproj]
D:\Code\Source\SWP391 project\EyewearStore_SWP391\Pages\Products\Index.cshtml(1238,62): error CS1061: 'ProductCatalogViewModel' does not contain a definition for 'StartItem├ó' and no accessible extension method 'StartItem├ó' accepting a first argument of type 'ProductCatalogViewModel' could be found (are you missing a using directive or an assembly reference?) [D:\Code\Source\SWP391 project\EyewearStore_SWP391\EyewearStore_SWP391.csproj]
    13 Warning(s)
    1 Error(s)

Time Elapsed 00:00:03.13
